2022-11-14 20:49:59.828 [ INFO] [  restartedMain] c.m.s.c.s.SpringBootAppDemoApplication   : Starting SpringBootAppDemoApplication using Java 19 on MacBook-Pro-de-Fabricio.local with PID 24592 (/Users/fabriciojacob/Library/CloudStorage/OneDrive-Pessoal/Documentos/repositorio_8/spring-boot-manning/spring-boot-app-demo/target/classes started by fabriciojacob in /Users/fabriciojacob/Library/CloudStorage/OneDrive-Pessoal/Documentos/repositorio_8/spring-boot-manning/spring-boot-app-demo)
2022-11-14 20:49:59.835 [DEBUG] [  restartedMain] c.m.s.c.s.SpringBootAppDemoApplication   : Running with Spring Boot v2.7.5, Spring v5.3.23
2022-11-14 20:49:59.836 [ INFO] [  restartedMain] c.m.s.c.s.SpringBootAppDemoApplication   : No active profile set, falling back to 1 default profile: "default"
2022-11-14 20:50:00.790 [ INFO] [  restartedMain] o.a.c.h.Http11NioProtocol                : Initializing ProtocolHandler ["http-nio-8080"]
2022-11-14 20:50:00.790 [ INFO] [  restartedMain] o.a.c.c.StandardService                  : Starting service [Tomcat]
2022-11-14 20:50:00.791 [ INFO] [  restartedMain] o.a.c.c.StandardEngine                   : Starting Servlet engine: [Apache Tomcat/9.0.68]
2022-11-14 20:50:00.834 [ INFO] [  restartedMain] o.a.c.c.C.[.[.[/]                        : Initializing Spring embedded WebApplicationContext
2022-11-14 20:50:01.251 [ INFO] [  restartedMain] o.a.c.h.Http11NioProtocol                : Starting ProtocolHandler ["http-nio-8080"]
2022-11-14 20:50:01.275 [ INFO] [  restartedMain] c.m.s.c.s.SpringBootAppDemoApplication   : Started SpringBootAppDemoApplication in 1.767 seconds (JVM running for 2.652)
2022-11-14 20:50:01.282 [ INFO] [  restartedMain] c.m.s.c.s.SpringBootAppDemoApplication   : SpringBootAppDemoApplication CommandLineRunner executado
2022-11-14 20:50:01.284 [ INFO] [  restartedMain] c.m.s.c.s.SpringBootAppDemoApplication   : Value time limit app configuration 0
2022-11-14 20:50:01.285 [ INFO] [  restartedMain] c.m.s.c.s.SpringBootAppDemoApplication   : User fabriciojacob passwordp@sswOrd
2022-11-14 20:50:01.289 [ INFO] [  restartedMain] c.m.s.c.s.SpringBootAppDemoApplication   : ApplicationProperties(name=Rastreador de cursos, ip=127.0.0.1, port=9090, security=ApplicationProperties.Security(enabled=true, token=038837hfjh89iohfiodhfdl, roles=[USER, ADMIN]))
2022-11-14 20:52:22.592 [ INFO] [  restartedMain] c.m.s.c.s.SpringBootAppDemoApplication   : Starting SpringBootAppDemoApplication using Java 19 on MacBook-Pro-de-Fabricio.local with PID 24791 (/Users/fabriciojacob/Library/CloudStorage/OneDrive-Pessoal/Documentos/repositorio_8/spring-boot-manning/spring-boot-app-demo/target/classes started by fabriciojacob in /Users/fabriciojacob/Library/CloudStorage/OneDrive-Pessoal/Documentos/repositorio_8/spring-boot-manning/spring-boot-app-demo)
2022-11-14 20:52:22.597 [DEBUG] [  restartedMain] c.m.s.c.s.SpringBootAppDemoApplication   : Running with Spring Boot v2.7.5, Spring v5.3.23
2022-11-14 20:52:22.598 [ INFO] [  restartedMain] c.m.s.c.s.SpringBootAppDemoApplication   : No active profile set, falling back to 1 default profile: "default"
2022-11-14 20:52:23.468 [ INFO] [  restartedMain] o.a.c.h.Http11NioProtocol                : Initializing ProtocolHandler ["http-nio-8080"]
2022-11-14 20:52:23.469 [ INFO] [  restartedMain] o.a.c.c.StandardService                  : Starting service [Tomcat]
2022-11-14 20:52:23.469 [ INFO] [  restartedMain] o.a.c.c.StandardEngine                   : Starting Servlet engine: [Apache Tomcat/9.0.68]
2022-11-14 20:52:23.514 [ INFO] [  restartedMain] o.a.c.c.C.[.[.[/]                        : Initializing Spring embedded WebApplicationContext
2022-11-14 20:52:23.947 [ INFO] [  restartedMain] o.a.c.h.Http11NioProtocol                : Starting ProtocolHandler ["http-nio-8080"]
2022-11-14 20:52:23.971 [ INFO] [  restartedMain] c.m.s.c.s.SpringBootAppDemoApplication   : Started SpringBootAppDemoApplication in 1.683 seconds (JVM running for 2.601)
2022-11-14 20:52:23.978 [ INFO] [  restartedMain] c.m.s.c.s.SpringBootAppDemoApplication   : SpringBootAppDemoApplication CommandLineRunner executado
2022-11-14 20:52:23.981 [ INFO] [  restartedMain] c.m.s.c.s.SpringBootAppDemoApplication   : Value time limit app configuration 0
2022-11-14 20:52:23.981 [ INFO] [  restartedMain] c.m.s.c.s.SpringBootAppDemoApplication   : User fabriciojacob passwordp@sswOrd
2022-11-14 20:52:23.985 [ INFO] [  restartedMain] c.m.s.c.s.SpringBootAppDemoApplication   : ApplicationProperties(name=Rastreador de cursos, ip=127.0.0.1, port=9090, security=ApplicationProperties.Security(enabled=true, token=038837hfjh89iohfiodhfdl, roles=[USER, ADMIN]))
2022-11-14 20:53:36.707 [ INFO] [  restartedMain] c.m.s.c.s.SpringBootAppDemoApplication   : Starting SpringBootAppDemoApplication using Java 19 on MacBook-Pro-de-Fabricio.local with PID 24884 (/Users/fabriciojacob/Library/CloudStorage/OneDrive-Pessoal/Documentos/repositorio_8/spring-boot-manning/spring-boot-app-demo/target/classes started by fabriciojacob in /Users/fabriciojacob/Library/CloudStorage/OneDrive-Pessoal/Documentos/repositorio_8/spring-boot-manning/spring-boot-app-demo)
2022-11-14 20:53:36.714 [DEBUG] [  restartedMain] c.m.s.c.s.SpringBootAppDemoApplication   : Running with Spring Boot v2.7.5, Spring v5.3.23
2022-11-14 20:53:36.715 [ INFO] [  restartedMain] c.m.s.c.s.SpringBootAppDemoApplication   : No active profile set, falling back to 1 default profile: "default"
2022-11-14 20:53:37.754 [ INFO] [  restartedMain] o.a.c.h.Http11NioProtocol                : Initializing ProtocolHandler ["http-nio-8080"]
2022-11-14 20:53:37.755 [ INFO] [  restartedMain] o.a.c.c.StandardService                  : Starting service [Tomcat]
2022-11-14 20:53:37.755 [ INFO] [  restartedMain] o.a.c.c.StandardEngine                   : Starting Servlet engine: [Apache Tomcat/9.0.68]
2022-11-14 20:53:37.807 [ INFO] [  restartedMain] o.a.c.c.C.[.[.[/]                        : Initializing Spring embedded WebApplicationContext
2022-11-14 20:53:38.264 [ INFO] [  restartedMain] o.a.c.h.Http11NioProtocol                : Starting ProtocolHandler ["http-nio-8080"]
2022-11-14 20:53:38.289 [ INFO] [  restartedMain] c.m.s.c.s.SpringBootAppDemoApplication   : Started SpringBootAppDemoApplication in 1.905 seconds (JVM running for 2.612)
2022-11-14 20:53:38.297 [ INFO] [  restartedMain] c.m.s.c.s.SpringBootAppDemoApplication   : SpringBootAppDemoApplication CommandLineRunner executado
2022-11-14 20:53:38.300 [ INFO] [  restartedMain] c.m.s.c.s.SpringBootAppDemoApplication   : Value time limit app configuration 0
2022-11-14 20:53:38.300 [ INFO] [  restartedMain] c.m.s.c.s.SpringBootAppDemoApplication   : User fabriciojacob passwordp@sswOrd
2022-11-14 20:53:38.304 [ INFO] [  restartedMain] c.m.s.c.s.SpringBootAppDemoApplication   : ApplicationProperties(name=Rastreador de cursos, ip=127.0.0.1, port=9090, security=ApplicationProperties.Security(enabled=true, token=038837hfjh89iohfiodhfdl, roles=[USER, ADMIN]))
2022-11-14 20:55:44.833 [ INFO] [  restartedMain] c.m.s.c.s.SpringBootAppDemoApplication   : Starting SpringBootAppDemoApplication using Java 19 on MacBook-Pro-de-Fabricio.local with PID 25040 (/Users/fabriciojacob/Library/CloudStorage/OneDrive-Pessoal/Documentos/repositorio_8/spring-boot-manning/spring-boot-app-demo/target/classes started by fabriciojacob in /Users/fabriciojacob/Library/CloudStorage/OneDrive-Pessoal/Documentos/repositorio_8/spring-boot-manning/spring-boot-app-demo)
2022-11-14 20:55:44.839 [DEBUG] [  restartedMain] c.m.s.c.s.SpringBootAppDemoApplication   : Running with Spring Boot v2.7.5, Spring v5.3.23
2022-11-14 20:55:44.840 [ INFO] [  restartedMain] c.m.s.c.s.SpringBootAppDemoApplication   : No active profile set, falling back to 1 default profile: "default"
2022-11-14 20:55:45.731 [ INFO] [  restartedMain] o.a.c.h.Http11NioProtocol                : Initializing ProtocolHandler ["http-nio-8080"]
2022-11-14 20:55:45.732 [ INFO] [  restartedMain] o.a.c.c.StandardService                  : Starting service [Tomcat]
2022-11-14 20:55:45.732 [ INFO] [  restartedMain] o.a.c.c.StandardEngine                   : Starting Servlet engine: [Apache Tomcat/9.0.68]
2022-11-14 20:55:45.780 [ INFO] [  restartedMain] o.a.c.c.C.[.[.[/]                        : Initializing Spring embedded WebApplicationContext
2022-11-14 20:55:46.211 [ INFO] [  restartedMain] o.a.c.h.Http11NioProtocol                : Starting ProtocolHandler ["http-nio-8080"]
2022-11-14 20:55:46.235 [ INFO] [  restartedMain] c.m.s.c.s.SpringBootAppDemoApplication   : Started SpringBootAppDemoApplication in 1.711 seconds (JVM running for 2.595)
2022-11-14 20:55:46.239 [ INFO] [  restartedMain] c.m.s.c.s.SpringBootAppDemoApplication   : SpringBootAppDemoApplication CommandLineRunner executado
2022-11-14 20:55:46.241 [ INFO] [  restartedMain] c.m.s.c.s.SpringBootAppDemoApplication   : Aplicativo esta pronto em 2022-11-14T20:55:46.239-0300
2022-11-14 20:55:46.242 [ INFO] [  restartedMain] c.m.s.c.s.SpringBootAppDemoApplication   : Value time limit app configuration 0
2022-11-14 20:55:46.243 [ INFO] [  restartedMain] c.m.s.c.s.SpringBootAppDemoApplication   : User fabriciojacob passwordp@sswOrd
2022-11-14 20:55:46.247 [ INFO] [  restartedMain] c.m.s.c.s.SpringBootAppDemoApplication   : ApplicationProperties(name=Rastreador de cursos, ip=127.0.0.1, port=9090, security=ApplicationProperties.Security(enabled=true, token=038837hfjh89iohfiodhfdl, roles=[USER, ADMIN]))
2022-11-14 20:57:01.940 [ INFO] [  restartedMain] o.a.c.h.Http11NioProtocol                : Initializing ProtocolHandler ["http-nio-8080"]
2022-11-14 20:57:01.940 [ INFO] [  restartedMain] o.a.c.c.StandardService                  : Starting service [Tomcat]
2022-11-14 20:57:01.941 [ INFO] [  restartedMain] o.a.c.c.StandardEngine                   : Starting Servlet engine: [Apache Tomcat/9.0.68]
2022-11-14 20:57:01.991 [ INFO] [  restartedMain] o.a.c.c.C.[.[.[/]                        : Initializing Spring embedded WebApplicationContext
2022-11-14 20:57:02.427 [ INFO] [  restartedMain] o.a.c.h.Http11NioProtocol                : Starting ProtocolHandler ["http-nio-8080"]
2022-11-14 21:13:57.149 [ INFO] [kground-preinit] o.h.v.i.u.Version                        : HV000001: Hibernate Validator 6.2.5.Final
2022-11-14 21:13:58.205 [ INFO] [  restartedMain] o.a.c.h.Http11NioProtocol                : Initializing ProtocolHandler ["http-nio-8080"]
2022-11-14 21:13:58.205 [ INFO] [  restartedMain] o.a.c.c.StandardService                  : Starting service [Tomcat]
2022-11-14 21:13:58.206 [ INFO] [  restartedMain] o.a.c.c.StandardEngine                   : Starting Servlet engine: [Apache Tomcat/9.0.68]
2022-11-14 21:13:58.257 [ INFO] [  restartedMain] o.a.c.c.C.[.[.[/]                        : Initializing Spring embedded WebApplicationContext
2022-11-14 21:13:58.691 [ INFO] [  restartedMain] o.a.c.h.Http11NioProtocol                : Starting ProtocolHandler ["http-nio-8080"]
2022-11-14 21:14:35.074 [ INFO] [kground-preinit] o.h.v.i.u.Version                        : HV000001: Hibernate Validator 6.2.5.Final
2022-11-14 21:14:36.062 [ INFO] [  restartedMain] o.a.c.h.Http11NioProtocol                : Initializing ProtocolHandler ["http-nio-8080"]
2022-11-14 21:14:36.063 [ INFO] [  restartedMain] o.a.c.c.StandardService                  : Starting service [Tomcat]
2022-11-14 21:14:36.063 [ INFO] [  restartedMain] o.a.c.c.StandardEngine                   : Starting Servlet engine: [Apache Tomcat/9.0.68]
2022-11-14 21:14:36.115 [ INFO] [  restartedMain] o.a.c.c.C.[.[.[/]                        : Initializing Spring embedded WebApplicationContext
2022-11-14 21:14:36.552 [ INFO] [  restartedMain] o.a.c.h.Http11NioProtocol                : Starting ProtocolHandler ["http-nio-8080"]
2022-11-14 21:36:06.081 [ INFO] [kground-preinit] o.h.v.i.u.Version                        : HV000001: Hibernate Validator 6.2.5.Final
2022-11-14 21:36:07.116 [ INFO] [  restartedMain] o.a.c.h.Http11NioProtocol                : Initializing ProtocolHandler ["http-nio-8080"]
2022-11-14 21:36:07.117 [ INFO] [  restartedMain] o.a.c.c.StandardService                  : Starting service [Tomcat]
2022-11-14 21:36:07.117 [ INFO] [  restartedMain] o.a.c.c.StandardEngine                   : Starting Servlet engine: [Apache Tomcat/9.0.68]
2022-11-14 21:36:07.170 [ INFO] [  restartedMain] o.a.c.c.C.[.[.[/]                        : Initializing Spring embedded WebApplicationContext
2022-11-14 21:36:07.626 [ INFO] [  restartedMain] o.a.c.h.Http11NioProtocol                : Starting ProtocolHandler ["http-nio-8080"]
2022-11-14 21:36:58.154 [ INFO] [kground-preinit] o.h.v.i.u.Version                        : HV000001: Hibernate Validator 6.2.5.Final
2022-11-14 21:36:59.163 [ INFO] [  restartedMain] o.a.c.h.Http11NioProtocol                : Initializing ProtocolHandler ["http-nio-8080"]
2022-11-14 21:36:59.163 [ INFO] [  restartedMain] o.a.c.c.StandardService                  : Starting service [Tomcat]
2022-11-14 21:36:59.164 [ INFO] [  restartedMain] o.a.c.c.StandardEngine                   : Starting Servlet engine: [Apache Tomcat/9.0.68]
2022-11-14 21:36:59.216 [ INFO] [  restartedMain] o.a.c.c.C.[.[.[/]                        : Initializing Spring embedded WebApplicationContext
2022-11-14 21:36:59.665 [ INFO] [  restartedMain] o.a.c.h.Http11NioProtocol                : Starting ProtocolHandler ["http-nio-8080"]
2022-11-15 20:23:47.443 [ INFO] [kground-preinit] o.h.v.i.u.Version                        : HV000001: Hibernate Validator 6.2.5.Final
2022-11-15 20:23:48.308 [ INFO] [  restartedMain] .s.d.r.c.RepositoryConfigurationDelegate : Bootstrapping Spring Data JPA repositories in DEFAULT mode.
2022-11-15 20:23:48.320 [ INFO] [  restartedMain] .s.d.r.c.RepositoryConfigurationDelegate : Finished Spring Data repository scanning in 6 ms. Found 0 JPA repository interfaces.
2022-11-15 20:23:48.847 [ INFO] [  restartedMain] o.a.c.h.Http11NioProtocol                : Initializing ProtocolHandler ["http-nio-8080"]
2022-11-15 20:23:48.848 [ INFO] [  restartedMain] o.a.c.c.StandardService                  : Starting service [Tomcat]
2022-11-15 20:23:48.848 [ INFO] [  restartedMain] o.a.c.c.StandardEngine                   : Starting Servlet engine: [Apache Tomcat/9.0.68]
2022-11-15 20:23:48.910 [ INFO] [  restartedMain] o.a.c.c.C.[.[.[/]                        : Initializing Spring embedded WebApplicationContext
2022-11-15 20:23:49.019 [ INFO] [  restartedMain] c.z.h.HikariDataSource                   : HikariPool-1 - Starting...
2022-11-15 20:23:49.193 [ INFO] [  restartedMain] c.z.h.HikariDataSource                   : HikariPool-1 - Start completed.
2022-11-15 20:23:49.331 [ INFO] [  restartedMain] o.h.j.i.u.LogHelper                      : HHH000204: Processing PersistenceUnitInfo [name: default]
2022-11-15 20:23:49.386 [ INFO] [  restartedMain] o.h.Version                              : HHH000412: Hibernate ORM core version 5.6.12.Final
2022-11-15 20:23:49.535 [ INFO] [  restartedMain] o.h.a.c.Version                          : HCANN000001: Hibernate Commons Annotations {5.1.2.Final}
2022-11-15 20:23:49.646 [ INFO] [  restartedMain] o.h.d.Dialect                            : HHH000400: Using dialect: org.hibernate.dialect.H2Dialect
2022-11-15 20:23:49.815 [ INFO] [  restartedMain] o.h.e.t.j.p.i.JtaPlatformInitiator       : HHH000490: Using JtaPlatform implementation: [org.hibernate.engine.transaction.jta.platform.internal.NoJtaPlatform]
2022-11-15 20:23:49.824 [ INFO] [  restartedMain] j.LocalContainerEntityManagerFactoryBean : Initialized JPA EntityManagerFactory for persistence unit 'default'
2022-11-15 20:23:50.248 [ INFO] [  restartedMain] o.a.c.h.Http11NioProtocol                : Starting ProtocolHandler ["http-nio-8080"]
2022-11-15 20:24:13.105 [ INFO] [nio-8080-exec-1] o.a.c.c.C.[.[.[/]                        : Initializing Spring DispatcherServlet 'dispatcherServlet'
2022-11-15 20:24:13.105 [ INFO] [nio-8080-exec-1] o.s.w.s.DispatcherServlet                : Initializing Servlet 'dispatcherServlet'
2022-11-15 20:24:13.107 [ INFO] [nio-8080-exec-1] o.s.w.s.DispatcherServlet                : Completed initialization in 1 ms
2022-11-15 20:27:13.314 [ INFO] [ionShutdownHook] j.LocalContainerEntityManagerFactoryBean : Closing JPA EntityManagerFactory for persistence unit 'default'
2022-11-15 20:27:13.315 [ INFO] [ionShutdownHook] .SchemaDropperImpl$DelayedDropActionImpl : HHH000477: Starting delayed evictData of schema as part of SessionFactory shut-down'
2022-11-15 20:27:13.710 [ WARN] [ionShutdownHook] o.s.b.f.s.DisposableBeanAdapter          : Invocation of destroy method failed on bean with name 'inMemoryDatabaseShutdownExecutor': org.h2.jdbc.JdbcSQLNonTransientConnectionException: Database is already closed (to disable automatic closing at VM shutdown, add ";DB_CLOSE_ON_EXIT=FALSE" to the db URL) [90121-214]
2022-11-15 20:27:13.711 [ INFO] [ionShutdownHook] c.z.h.HikariDataSource                   : HikariPool-1 - Shutdown initiated...
2022-11-15 20:27:13.712 [ INFO] [ionShutdownHook] c.z.h.HikariDataSource                   : HikariPool-1 - Shutdown completed.
2022-11-15 21:12:11.431 [ INFO] [           main] o.s.t.c.s.AbstractContextLoader          : Could not detect default resource locations for test class [com.manning.sbip.ch01.springbootappdemo.SpringBootAppDemoApplicationTests]: no resource found for suffixes {-context.xml, Context.groovy}.
2022-11-15 21:12:11.434 [ INFO] [           main] t.c.s.AnnotationConfigContextLoaderUtils : Could not detect default configuration classes for test class [com.manning.sbip.ch01.springbootappdemo.SpringBootAppDemoApplicationTests]: SpringBootAppDemoApplicationTests does not declare any static, non-private, non-final, nested classes annotated with @Configuration.
2022-11-15 21:12:11.863 [ INFO] [kground-preinit] o.h.v.i.u.Version                        : HV000001: Hibernate Validator 6.2.5.Final
2022-11-15 21:12:12.577 [ INFO] [           main] .s.d.r.c.RepositoryConfigurationDelegate : Bootstrapping Spring Data JPA repositories in DEFAULT mode.
2022-11-15 21:12:12.617 [ INFO] [           main] .s.d.r.c.RepositoryConfigurationDelegate : Finished Spring Data repository scanning in 33 ms. Found 1 JPA repository interfaces.
2022-11-15 21:12:12.968 [ WARN] [           main] o.s.w.c.s.GenericWebApplicationContext   : Exception encountered during context initialization - cancelling refresh attempt: org.springframework.beans.factory.UnsatisfiedDependencyException: Error creating bean with name 'dataSourceScriptDatabaseInitializer' defined in class path resource [org/springframework/boot/autoconfigure/sql/init/DataSourceInitializationConfiguration.class]: Unsatisfied dependency expressed through method 'dataSourceScriptDatabaseInitializer' parameter 0; nested exception is org.springframework.boot.context.properties.ConfigurationPropertiesBindException: Error creating bean with name 'dataSource': Could not bind properties to 'HikariDataSource' : prefix=spring.datasource.hikari, ignoreInvalidFields=false, ignoreUnknownFields=true; nested exception is org.springframework.boot.context.properties.bind.BindException: Failed to bind properties under 'spring.datasource.hikari.maximum-pool-size' to int
2022-11-15 21:12:13.002 [ERROR] [           main] o.s.t.c.TestContextManager               : Caught exception while allowing TestExecutionListener [org.springframework.test.context.web.ServletTestExecutionListener@3174cb09] to prepare test instance [com.manning.sbip.ch01.springbootappdemo.SpringBootAppDemoApplicationTests@230a73f2]
java.lang.IllegalStateException: Failed to load ApplicationContext
	at org.springframework.test.context.cache.DefaultCacheAwareContextLoaderDelegate.loadContext(DefaultCacheAwareContextLoaderDelegate.java:98)
	at org.springframework.test.context.support.DefaultTestContext.getApplicationContext(DefaultTestContext.java:124)
	at org.springframework.test.context.web.ServletTestExecutionListener.setUpRequestContextIfNecessary(ServletTestExecutionListener.java:190)
	at org.springframework.test.context.web.ServletTestExecutionListener.prepareTestInstance(ServletTestExecutionListener.java:132)
	at org.springframework.test.context.TestContextManager.prepareTestInstance(TestContextManager.java:248)
	at org.springframework.test.context.junit.jupiter.SpringExtension.postProcessTestInstance(SpringExtension.java:138)
	at org.junit.jupiter.engine.descriptor.ClassBasedTestDescriptor.lambda$invokeTestInstancePostProcessors$8(ClassBasedTestDescriptor.java:363)
	at org.junit.jupiter.engine.descriptor.ClassBasedTestDescriptor.executeAndMaskThrowable(ClassBasedTestDescriptor.java:368)
	at org.junit.jupiter.engine.descriptor.ClassBasedTestDescriptor.lambda$invokeTestInstancePostProcessors$9(ClassBasedTestDescriptor.java:363)
	at java.base/java.util.stream.ReferencePipeline$3$1.accept(ReferencePipeline.java:197)
	at java.base/java.util.stream.ReferencePipeline$2$1.accept(ReferencePipeline.java:179)
	at java.base/java.util.ArrayList$ArrayListSpliterator.forEachRemaining(ArrayList.java:1625)
	at java.base/java.util.stream.AbstractPipeline.copyInto(AbstractPipeline.java:509)
	at java.base/java.util.stream.AbstractPipeline.wrapAndCopyInto(AbstractPipeline.java:499)
	at java.base/java.util.stream.StreamSpliterators$WrappingSpliterator.forEachRemaining(StreamSpliterators.java:310)
	at java.base/java.util.stream.Streams$ConcatSpliterator.forEachRemaining(Streams.java:735)
	at java.base/java.util.stream.Streams$ConcatSpliterator.forEachRemaining(Streams.java:734)
	at java.base/java.util.stream.ReferencePipeline$Head.forEach(ReferencePipeline.java:762)
	at org.junit.jupiter.engine.descriptor.ClassBasedTestDescriptor.invokeTestInstancePostProcessors(ClassBasedTestDescriptor.java:362)
	at org.junit.jupiter.engine.descriptor.ClassBasedTestDescriptor.lambda$instantiateAndPostProcessTestInstance$6(ClassBasedTestDescriptor.java:283)
	at org.junit.platform.engine.support.hierarchical.ThrowableCollector.execute(ThrowableCollector.java:73)
	at org.junit.jupiter.engine.descriptor.ClassBasedTestDescriptor.instantiateAndPostProcessTestInstance(ClassBasedTestDescriptor.java:282)
	at org.junit.jupiter.engine.descriptor.ClassBasedTestDescriptor.lambda$testInstancesProvider$4(ClassBasedTestDescriptor.java:272)
	at java.base/java.util.Optional.orElseGet(Optional.java:364)
	at org.junit.jupiter.engine.descriptor.ClassBasedTestDescriptor.lambda$testInstancesProvider$5(ClassBasedTestDescriptor.java:271)
	at org.junit.jupiter.engine.execution.TestInstancesProvider.getTestInstances(TestInstancesProvider.java:31)
	at org.junit.jupiter.engine.descriptor.TestMethodTestDescriptor.lambda$prepare$0(TestMethodTestDescriptor.java:102)
	at org.junit.platform.engine.support.hierarchical.ThrowableCollector.execute(ThrowableCollector.java:73)
	at org.junit.jupiter.engine.descriptor.TestMethodTestDescriptor.prepare(TestMethodTestDescriptor.java:101)
	at org.junit.jupiter.engine.descriptor.TestMethodTestDescriptor.prepare(TestMethodTestDescriptor.java:66)
	at org.junit.platform.engine.support.hierarchical.NodeTestTask.lambda$prepare$2(NodeTestTask.java:123)
	at org.junit.platform.engine.support.hierarchical.ThrowableCollector.execute(ThrowableCollector.java:73)
	at org.junit.platform.engine.support.hierarchical.NodeTestTask.prepare(NodeTestTask.java:123)
	at org.junit.platform.engine.support.hierarchical.NodeTestTask.execute(NodeTestTask.java:90)
	at java.base/java.util.ArrayList.forEach(ArrayList.java:1511)
	at org.junit.platform.engine.support.hierarchical.SameThreadHierarchicalTestExecutorService.invokeAll(SameThreadHierarchicalTestExecutorService.java:41)
	at org.junit.platform.engine.support.hierarchical.NodeTestTask.lambda$executeRecursively$6(NodeTestTask.java:155)
	at org.junit.platform.engine.support.hierarchical.ThrowableCollector.execute(ThrowableCollector.java:73)
	at org.junit.platform.engine.support.hierarchical.NodeTestTask.lambda$executeRecursively$8(NodeTestTask.java:141)
	at org.junit.platform.engine.support.hierarchical.Node.around(Node.java:137)
	at org.junit.platform.engine.support.hierarchical.NodeTestTask.lambda$executeRecursively$9(NodeTestTask.java:139)
	at org.junit.platform.engine.support.hierarchical.ThrowableCollector.execute(ThrowableCollector.java:73)
	at org.junit.platform.engine.support.hierarchical.NodeTestTask.executeRecursively(NodeTestTask.java:138)
	at org.junit.platform.engine.support.hierarchical.NodeTestTask.execute(NodeTestTask.java:95)
	at java.base/java.util.ArrayList.forEach(ArrayList.java:1511)
	at org.junit.platform.engine.support.hierarchical.SameThreadHierarchicalTestExecutorService.invokeAll(SameThreadHierarchicalTestExecutorService.java:41)
	at org.junit.platform.engine.support.hierarchical.NodeTestTask.lambda$executeRecursively$6(NodeTestTask.java:155)
	at org.junit.platform.engine.support.hierarchical.ThrowableCollector.execute(ThrowableCollector.java:73)
	at org.junit.platform.engine.support.hierarchical.NodeTestTask.lambda$executeRecursively$8(NodeTestTask.java:141)
	at org.junit.platform.engine.support.hierarchical.Node.around(Node.java:137)
	at org.junit.platform.engine.support.hierarchical.NodeTestTask.lambda$executeRecursively$9(NodeTestTask.java:139)
	at org.junit.platform.engine.support.hierarchical.ThrowableCollector.execute(ThrowableCollector.java:73)
	at org.junit.platform.engine.support.hierarchical.NodeTestTask.executeRecursively(NodeTestTask.java:138)
	at org.junit.platform.engine.support.hierarchical.NodeTestTask.execute(NodeTestTask.java:95)
	at org.junit.platform.engine.support.hierarchical.SameThreadHierarchicalTestExecutorService.submit(SameThreadHierarchicalTestExecutorService.java:35)
	at org.junit.platform.engine.support.hierarchical.HierarchicalTestExecutor.execute(HierarchicalTestExecutor.java:57)
	at org.junit.platform.engine.support.hierarchical.HierarchicalTestEngine.execute(HierarchicalTestEngine.java:54)
	at org.junit.platform.launcher.core.EngineExecutionOrchestrator.execute(EngineExecutionOrchestrator.java:107)
	at org.junit.platform.launcher.core.EngineExecutionOrchestrator.execute(EngineExecutionOrchestrator.java:88)
	at org.junit.platform.launcher.core.EngineExecutionOrchestrator.lambda$execute$0(EngineExecutionOrchestrator.java:54)
	at org.junit.platform.launcher.core.EngineExecutionOrchestrator.withInterceptedStreams(EngineExecutionOrchestrator.java:67)
	at org.junit.platform.launcher.core.EngineExecutionOrchestrator.execute(EngineExecutionOrchestrator.java:52)
	at org.junit.platform.launcher.core.DefaultLauncher.execute(DefaultLauncher.java:114)
	at org.junit.platform.launcher.core.DefaultLauncher.execute(DefaultLauncher.java:86)
	at org.junit.platform.launcher.core.DefaultLauncherSession$DelegatingLauncher.execute(DefaultLauncherSession.java:86)
	at org.junit.platform.launcher.core.SessionPerRequestLauncher.execute(SessionPerRequestLauncher.java:53)
	at com.intellij.junit5.JUnit5IdeaTestRunner.startRunnerWithArgs(JUnit5IdeaTestRunner.java:57)
	at com.intellij.rt.junit.IdeaTestRunner$Repeater$1.execute(IdeaTestRunner.java:38)
	at com.intellij.rt.execution.junit.TestsRepeater.repeat(TestsRepeater.java:11)
	at com.intellij.rt.junit.IdeaTestRunner$Repeater.startRunnerWithArgs(IdeaTestRunner.java:35)
	at com.intellij.rt.junit.JUnitStarter.prepareStreamsAndStart(JUnitStarter.java:235)
	at com.intellij.rt.junit.JUnitStarter.main(JUnitStarter.java:54)
Caused by: org.springframework.beans.factory.UnsatisfiedDependencyException: Error creating bean with name 'dataSourceScriptDatabaseInitializer' defined in class path resource [org/springframework/boot/autoconfigure/sql/init/DataSourceInitializationConfiguration.class]: Unsatisfied dependency expressed through method 'dataSourceScriptDatabaseInitializer' parameter 0; nested exception is org.springframework.boot.context.properties.ConfigurationPropertiesBindException: Error creating bean with name 'dataSource': Could not bind properties to 'HikariDataSource' : prefix=spring.datasource.hikari, ignoreInvalidFields=false, ignoreUnknownFields=true; nested exception is org.springframework.boot.context.properties.bind.BindException: Failed to bind properties under 'spring.datasource.hikari.maximum-pool-size' to int
	at org.springframework.beans.factory.support.ConstructorResolver.createArgumentArray(ConstructorResolver.java:800)
	at org.springframework.beans.factory.support.ConstructorResolver.instantiateUsingFactoryMethod(ConstructorResolver.java:541)
	at org.springframework.beans.factory.support.AbstractAutowireCapableBeanFactory.instantiateUsingFactoryMethod(AbstractAutowireCapableBeanFactory.java:1352)
	at org.springframework.beans.factory.support.AbstractAutowireCapableBeanFactory.createBeanInstance(AbstractAutowireCapableBeanFactory.java:1195)
	at org.springframework.beans.factory.support.AbstractAutowireCapableBeanFactory.doCreateBean(AbstractAutowireCapableBeanFactory.java:582)
	at org.springframework.beans.factory.support.AbstractAutowireCapableBeanFactory.createBean(AbstractAutowireCapableBeanFactory.java:542)
	at org.springframework.beans.factory.support.AbstractBeanFactory.lambda$doGetBean$0(AbstractBeanFactory.java:335)
	at org.springframework.beans.factory.support.DefaultSingletonBeanRegistry.getSingleton(DefaultSingletonBeanRegistry.java:234)
	at org.springframework.beans.factory.support.AbstractBeanFactory.doGetBean(AbstractBeanFactory.java:333)
	at org.springframework.beans.factory.support.AbstractBeanFactory.getBean(AbstractBeanFactory.java:208)
	at org.springframework.beans.factory.support.AbstractBeanFactory.doGetBean(AbstractBeanFactory.java:322)
	at org.springframework.beans.factory.support.AbstractBeanFactory.getBean(AbstractBeanFactory.java:208)
	at org.springframework.context.support.AbstractApplicationContext.getBean(AbstractApplicationContext.java:1154)
	at org.springframework.context.support.AbstractApplicationContext.finishBeanFactoryInitialization(AbstractApplicationContext.java:908)
	at org.springframework.context.support.AbstractApplicationContext.refresh(AbstractApplicationContext.java:583)
	at org.springframework.boot.SpringApplication.refresh(SpringApplication.java:734)
	at org.springframework.boot.SpringApplication.refreshContext(SpringApplication.java:408)
	at org.springframework.boot.SpringApplication.run(SpringApplication.java:308)
	at org.springframework.boot.test.context.SpringBootContextLoader.loadContext(SpringBootContextLoader.java:132)
	at org.springframework.test.context.cache.DefaultCacheAwareContextLoaderDelegate.loadContextInternal(DefaultCacheAwareContextLoaderDelegate.java:141)
	at org.springframework.test.context.cache.DefaultCacheAwareContextLoaderDelegate.loadContext(DefaultCacheAwareContextLoaderDelegate.java:90)
	... 71 more
Caused by: org.springframework.boot.context.properties.ConfigurationPropertiesBindException: Error creating bean with name 'dataSource': Could not bind properties to 'HikariDataSource' : prefix=spring.datasource.hikari, ignoreInvalidFields=false, ignoreUnknownFields=true; nested exception is org.springframework.boot.context.properties.bind.BindException: Failed to bind properties under 'spring.datasource.hikari.maximum-pool-size' to int
	at org.springframework.boot.context.properties.ConfigurationPropertiesBindingPostProcessor.bind(ConfigurationPropertiesBindingPostProcessor.java:92)
	at org.springframework.boot.context.properties.ConfigurationPropertiesBindingPostProcessor.postProcessBeforeInitialization(ConfigurationPropertiesBindingPostProcessor.java:78)
	at org.springframework.beans.factory.support.AbstractAutowireCapableBeanFactory.applyBeanPostProcessorsBeforeInitialization(AbstractAutowireCapableBeanFactory.java:440)
	at org.springframework.beans.factory.support.AbstractAutowireCapableBeanFactory.initializeBean(AbstractAutowireCapableBeanFactory.java:1796)
	at org.springframework.beans.factory.support.AbstractAutowireCapableBeanFactory.doCreateBean(AbstractAutowireCapableBeanFactory.java:620)
	at org.springframework.beans.factory.support.AbstractAutowireCapableBeanFactory.createBean(AbstractAutowireCapableBeanFactory.java:542)
	at org.springframework.beans.factory.support.AbstractBeanFactory.lambda$doGetBean$0(AbstractBeanFactory.java:335)
	at org.springframework.beans.factory.support.DefaultSingletonBeanRegistry.getSingleton(DefaultSingletonBeanRegistry.java:234)
	at org.springframework.beans.factory.support.AbstractBeanFactory.doGetBean(AbstractBeanFactory.java:333)
	at org.springframework.beans.factory.support.AbstractBeanFactory.getBean(AbstractBeanFactory.java:208)
	at org.springframework.beans.factory.config.DependencyDescriptor.resolveCandidate(DependencyDescriptor.java:276)
	at org.springframework.beans.factory.support.DefaultListableBeanFactory.doResolveDependency(DefaultListableBeanFactory.java:1391)
	at org.springframework.beans.factory.support.DefaultListableBeanFactory.resolveDependency(DefaultListableBeanFactory.java:1311)
	at org.springframework.beans.factory.support.ConstructorResolver.resolveAutowiredArgument(ConstructorResolver.java:887)
	at org.springframework.beans.factory.support.ConstructorResolver.createArgumentArray(ConstructorResolver.java:791)
	... 91 more
Caused by: org.springframework.boot.context.properties.bind.BindException: Failed to bind properties under 'spring.datasource.hikari.maximum-pool-size' to int
	at org.springframework.boot.context.properties.bind.Binder.handleBindError(Binder.java:387)
	at org.springframework.boot.context.properties.bind.Binder.bind(Binder.java:347)
	at org.springframework.boot.context.properties.bind.Binder.lambda$bindDataObject$4(Binder.java:472)
	at org.springframework.boot.context.properties.bind.JavaBeanBinder.bind(JavaBeanBinder.java:95)
	at org.springframework.boot.context.properties.bind.JavaBeanBinder.bind(JavaBeanBinder.java:83)
	at org.springframework.boot.context.properties.bind.JavaBeanBinder.bind(JavaBeanBinder.java:59)
	at org.springframework.boot.context.properties.bind.Binder.lambda$bindDataObject$5(Binder.java:476)
	at org.springframework.boot.context.properties.bind.Binder$Context.withIncreasedDepth(Binder.java:590)
	at org.springframework.boot.context.properties.bind.Binder$Context.withDataObject(Binder.java:576)
	at org.springframework.boot.context.properties.bind.Binder$Context.access$300(Binder.java:537)
	at org.springframework.boot.context.properties.bind.Binder.bindDataObject(Binder.java:474)
	at org.springframework.boot.context.properties.bind.Binder.bindObject(Binder.java:414)
	at org.springframework.boot.context.properties.bind.Binder.bind(Binder.java:343)
	at org.springframework.boot.context.properties.bind.Binder.bind(Binder.java:332)
	at org.springframework.boot.context.properties.bind.Binder.bind(Binder.java:262)
	at org.springframework.boot.context.properties.bind.Binder.bind(Binder.java:249)
	at org.springframework.boot.context.properties.ConfigurationPropertiesBinder.bind(ConfigurationPropertiesBinder.java:95)
	at org.springframework.boot.context.properties.ConfigurationPropertiesBindingPostProcessor.bind(ConfigurationPropertiesBindingPostProcessor.java:89)
	... 105 more
Caused by: org.springframework.core.convert.ConversionFailedException: Failed to convert from type [java.lang.String] to type [int] for value '10root'; nested exception is java.lang.NumberFormatException: For input string: "10root"
	at org.springframework.core.convert.support.ConversionUtils.invokeConverter(ConversionUtils.java:47)
	at org.springframework.core.convert.support.GenericConversionService.convert(GenericConversionService.java:192)
	at org.springframework.boot.context.properties.bind.BindConverter.convert(BindConverter.java:109)
	at org.springframework.boot.context.properties.bind.BindConverter.convert(BindConverter.java:100)
	at org.springframework.boot.context.properties.bind.BindConverter.convert(BindConverter.java:92)
	at org.springframework.boot.context.properties.bind.Binder.bindProperty(Binder.java:459)
	at org.springframework.boot.context.properties.bind.Binder.bindObject(Binder.java:403)
	at org.springframework.boot.context.properties.bind.Binder.bind(Binder.java:343)
	... 121 more
Caused by: java.lang.NumberFormatException: For input string: "10root"
	at java.base/java.lang.NumberFormatException.forInputString(NumberFormatException.java:67)
	at java.base/java.lang.Integer.parseInt(Integer.java:665)
	at java.base/java.lang.Integer.valueOf(Integer.java:992)
	at org.springframework.util.NumberUtils.parseNumber(NumberUtils.java:211)
	at org.springframework.core.convert.support.StringToNumberConverterFactory$StringToNumber.convert(StringToNumberConverterFactory.java:64)
	at org.springframework.core.convert.support.StringToNumberConverterFactory$StringToNumber.convert(StringToNumberConverterFactory.java:50)
	at org.springframework.core.convert.support.GenericConversionService$ConverterFactoryAdapter.convert(GenericConversionService.java:437)
	at org.springframework.core.convert.support.ConversionUtils.invokeConverter(ConversionUtils.java:41)
	... 128 more
2022-11-15 21:13:07.859 [ INFO] [           main] o.s.t.c.s.AbstractContextLoader          : Could not detect default resource locations for test class [com.manning.sbip.ch01.springbootappdemo.SpringBootAppDemoApplicationTests]: no resource found for suffixes {-context.xml, Context.groovy}.
2022-11-15 21:13:07.863 [ INFO] [           main] t.c.s.AnnotationConfigContextLoaderUtils : Could not detect default configuration classes for test class [com.manning.sbip.ch01.springbootappdemo.SpringBootAppDemoApplicationTests]: SpringBootAppDemoApplicationTests does not declare any static, non-private, non-final, nested classes annotated with @Configuration.
2022-11-15 21:13:08.294 [ INFO] [kground-preinit] o.h.v.i.u.Version                        : HV000001: Hibernate Validator 6.2.5.Final
2022-11-15 21:13:09.025 [ INFO] [           main] .s.d.r.c.RepositoryConfigurationDelegate : Bootstrapping Spring Data JPA repositories in DEFAULT mode.
2022-11-15 21:13:09.063 [ INFO] [           main] .s.d.r.c.RepositoryConfigurationDelegate : Finished Spring Data repository scanning in 30 ms. Found 1 JPA repository interfaces.
2022-11-15 21:13:09.445 [ INFO] [           main] c.z.h.HikariDataSource                   : HikariPool-1 - Starting...
2022-11-15 21:13:09.640 [ INFO] [           main] c.z.h.HikariDataSource                   : HikariPool-1 - Start completed.
2022-11-15 21:13:09.654 [ WARN] [           main] o.s.w.c.s.GenericWebApplicationContext   : Exception encountered during context initialization - cancelling refresh attempt: org.springframework.beans.factory.BeanCreationException: Error creating bean with name 'dataSourceScriptDatabaseInitializer' defined in class path resource [org/springframework/boot/autoconfigure/sql/init/DataSourceInitializationConfiguration.class]: Invocation of init method failed; nested exception is org.springframework.jdbc.datasource.init.ScriptStatementFailedException: Failed to execute SQL script statement #1 of class path resource [sql/schema.sql]: CREATE TABLE COURSES ( id int(15) NOT NULL, name varchar(100) NOT NULL, category varchar(20) NOT NULL, rating int(1) NOT NULL, description varchar(1000) NOT NULL, PRIMARY KEY (id) ); nested exception is org.h2.jdbc.JdbcSQLSyntaxErrorException: Syntax error in SQL statement "CREATE TABLE COURSES ( id int[*](15) NOT NULL, name varchar(100) NOT NULL, category varchar(20) NOT NULL, rating int(1) NOT NULL, description varchar(1000) NOT NULL, PRIMARY KEY (id) )"; expected "ARRAY, INVISIBLE, VISIBLE, NOT NULL, NULL, AS, DEFAULT, GENERATED, ON UPDATE, NOT NULL, NULL, AUTO_INCREMENT, DEFAULT ON NULL, NULL_TO_DEFAULT, SEQUENCE, SELECTIVITY, COMMENT, CONSTRAINT, COMMENT, PRIMARY KEY, UNIQUE, NOT NULL, NULL, CHECK, REFERENCES, AUTO_INCREMENT, ,, )"; SQL statement:
CREATE TABLE COURSES ( id int(15) NOT NULL, name varchar(100) NOT NULL, category varchar(20) NOT NULL, rating int(1) NOT NULL, description varchar(1000) NOT NULL, PRIMARY KEY (id) ) [42001-214]
2022-11-15 21:13:09.655 [ INFO] [           main] c.z.h.HikariDataSource                   : HikariPool-1 - Shutdown initiated...
2022-11-15 21:13:09.656 [ INFO] [           main] c.z.h.HikariDataSource                   : HikariPool-1 - Shutdown completed.
2022-11-15 21:13:09.687 [ERROR] [           main] o.s.t.c.TestContextManager               : Caught exception while allowing TestExecutionListener [org.springframework.test.context.web.ServletTestExecutionListener@3174cb09] to prepare test instance [com.manning.sbip.ch01.springbootappdemo.SpringBootAppDemoApplicationTests@48f2054d]
java.lang.IllegalStateException: Failed to load ApplicationContext
	at org.springframework.test.context.cache.DefaultCacheAwareContextLoaderDelegate.loadContext(DefaultCacheAwareContextLoaderDelegate.java:98)
	at org.springframework.test.context.support.DefaultTestContext.getApplicationContext(DefaultTestContext.java:124)
	at org.springframework.test.context.web.ServletTestExecutionListener.setUpRequestContextIfNecessary(ServletTestExecutionListener.java:190)
	at org.springframework.test.context.web.ServletTestExecutionListener.prepareTestInstance(ServletTestExecutionListener.java:132)
	at org.springframework.test.context.TestContextManager.prepareTestInstance(TestContextManager.java:248)
	at org.springframework.test.context.junit.jupiter.SpringExtension.postProcessTestInstance(SpringExtension.java:138)
	at org.junit.jupiter.engine.descriptor.ClassBasedTestDescriptor.lambda$invokeTestInstancePostProcessors$8(ClassBasedTestDescriptor.java:363)
	at org.junit.jupiter.engine.descriptor.ClassBasedTestDescriptor.executeAndMaskThrowable(ClassBasedTestDescriptor.java:368)
	at org.junit.jupiter.engine.descriptor.ClassBasedTestDescriptor.lambda$invokeTestInstancePostProcessors$9(ClassBasedTestDescriptor.java:363)
	at java.base/java.util.stream.ReferencePipeline$3$1.accept(ReferencePipeline.java:197)
	at java.base/java.util.stream.ReferencePipeline$2$1.accept(ReferencePipeline.java:179)
	at java.base/java.util.ArrayList$ArrayListSpliterator.forEachRemaining(ArrayList.java:1625)
	at java.base/java.util.stream.AbstractPipeline.copyInto(AbstractPipeline.java:509)
	at java.base/java.util.stream.AbstractPipeline.wrapAndCopyInto(AbstractPipeline.java:499)
	at java.base/java.util.stream.StreamSpliterators$WrappingSpliterator.forEachRemaining(StreamSpliterators.java:310)
	at java.base/java.util.stream.Streams$ConcatSpliterator.forEachRemaining(Streams.java:735)
	at java.base/java.util.stream.Streams$ConcatSpliterator.forEachRemaining(Streams.java:734)
	at java.base/java.util.stream.ReferencePipeline$Head.forEach(ReferencePipeline.java:762)
	at org.junit.jupiter.engine.descriptor.ClassBasedTestDescriptor.invokeTestInstancePostProcessors(ClassBasedTestDescriptor.java:362)
	at org.junit.jupiter.engine.descriptor.ClassBasedTestDescriptor.lambda$instantiateAndPostProcessTestInstance$6(ClassBasedTestDescriptor.java:283)
	at org.junit.platform.engine.support.hierarchical.ThrowableCollector.execute(ThrowableCollector.java:73)
	at org.junit.jupiter.engine.descriptor.ClassBasedTestDescriptor.instantiateAndPostProcessTestInstance(ClassBasedTestDescriptor.java:282)
	at org.junit.jupiter.engine.descriptor.ClassBasedTestDescriptor.lambda$testInstancesProvider$4(ClassBasedTestDescriptor.java:272)
	at java.base/java.util.Optional.orElseGet(Optional.java:364)
	at org.junit.jupiter.engine.descriptor.ClassBasedTestDescriptor.lambda$testInstancesProvider$5(ClassBasedTestDescriptor.java:271)
	at org.junit.jupiter.engine.execution.TestInstancesProvider.getTestInstances(TestInstancesProvider.java:31)
	at org.junit.jupiter.engine.descriptor.TestMethodTestDescriptor.lambda$prepare$0(TestMethodTestDescriptor.java:102)
	at org.junit.platform.engine.support.hierarchical.ThrowableCollector.execute(ThrowableCollector.java:73)
	at org.junit.jupiter.engine.descriptor.TestMethodTestDescriptor.prepare(TestMethodTestDescriptor.java:101)
	at org.junit.jupiter.engine.descriptor.TestMethodTestDescriptor.prepare(TestMethodTestDescriptor.java:66)
	at org.junit.platform.engine.support.hierarchical.NodeTestTask.lambda$prepare$2(NodeTestTask.java:123)
	at org.junit.platform.engine.support.hierarchical.ThrowableCollector.execute(ThrowableCollector.java:73)
	at org.junit.platform.engine.support.hierarchical.NodeTestTask.prepare(NodeTestTask.java:123)
	at org.junit.platform.engine.support.hierarchical.NodeTestTask.execute(NodeTestTask.java:90)
	at java.base/java.util.ArrayList.forEach(ArrayList.java:1511)
	at org.junit.platform.engine.support.hierarchical.SameThreadHierarchicalTestExecutorService.invokeAll(SameThreadHierarchicalTestExecutorService.java:41)
	at org.junit.platform.engine.support.hierarchical.NodeTestTask.lambda$executeRecursively$6(NodeTestTask.java:155)
	at org.junit.platform.engine.support.hierarchical.ThrowableCollector.execute(ThrowableCollector.java:73)
	at org.junit.platform.engine.support.hierarchical.NodeTestTask.lambda$executeRecursively$8(NodeTestTask.java:141)
	at org.junit.platform.engine.support.hierarchical.Node.around(Node.java:137)
	at org.junit.platform.engine.support.hierarchical.NodeTestTask.lambda$executeRecursively$9(NodeTestTask.java:139)
	at org.junit.platform.engine.support.hierarchical.ThrowableCollector.execute(ThrowableCollector.java:73)
	at org.junit.platform.engine.support.hierarchical.NodeTestTask.executeRecursively(NodeTestTask.java:138)
	at org.junit.platform.engine.support.hierarchical.NodeTestTask.execute(NodeTestTask.java:95)
	at java.base/java.util.ArrayList.forEach(ArrayList.java:1511)
	at org.junit.platform.engine.support.hierarchical.SameThreadHierarchicalTestExecutorService.invokeAll(SameThreadHierarchicalTestExecutorService.java:41)
	at org.junit.platform.engine.support.hierarchical.NodeTestTask.lambda$executeRecursively$6(NodeTestTask.java:155)
	at org.junit.platform.engine.support.hierarchical.ThrowableCollector.execute(ThrowableCollector.java:73)
	at org.junit.platform.engine.support.hierarchical.NodeTestTask.lambda$executeRecursively$8(NodeTestTask.java:141)
	at org.junit.platform.engine.support.hierarchical.Node.around(Node.java:137)
	at org.junit.platform.engine.support.hierarchical.NodeTestTask.lambda$executeRecursively$9(NodeTestTask.java:139)
	at org.junit.platform.engine.support.hierarchical.ThrowableCollector.execute(ThrowableCollector.java:73)
	at org.junit.platform.engine.support.hierarchical.NodeTestTask.executeRecursively(NodeTestTask.java:138)
	at org.junit.platform.engine.support.hierarchical.NodeTestTask.execute(NodeTestTask.java:95)
	at org.junit.platform.engine.support.hierarchical.SameThreadHierarchicalTestExecutorService.submit(SameThreadHierarchicalTestExecutorService.java:35)
	at org.junit.platform.engine.support.hierarchical.HierarchicalTestExecutor.execute(HierarchicalTestExecutor.java:57)
	at org.junit.platform.engine.support.hierarchical.HierarchicalTestEngine.execute(HierarchicalTestEngine.java:54)
	at org.junit.platform.launcher.core.EngineExecutionOrchestrator.execute(EngineExecutionOrchestrator.java:107)
	at org.junit.platform.launcher.core.EngineExecutionOrchestrator.execute(EngineExecutionOrchestrator.java:88)
	at org.junit.platform.launcher.core.EngineExecutionOrchestrator.lambda$execute$0(EngineExecutionOrchestrator.java:54)
	at org.junit.platform.launcher.core.EngineExecutionOrchestrator.withInterceptedStreams(EngineExecutionOrchestrator.java:67)
	at org.junit.platform.launcher.core.EngineExecutionOrchestrator.execute(EngineExecutionOrchestrator.java:52)
	at org.junit.platform.launcher.core.DefaultLauncher.execute(DefaultLauncher.java:114)
	at org.junit.platform.launcher.core.DefaultLauncher.execute(DefaultLauncher.java:86)
	at org.junit.platform.launcher.core.DefaultLauncherSession$DelegatingLauncher.execute(DefaultLauncherSession.java:86)
	at org.junit.platform.launcher.core.SessionPerRequestLauncher.execute(SessionPerRequestLauncher.java:53)
	at com.intellij.junit5.JUnit5IdeaTestRunner.startRunnerWithArgs(JUnit5IdeaTestRunner.java:57)
	at com.intellij.rt.junit.IdeaTestRunner$Repeater$1.execute(IdeaTestRunner.java:38)
	at com.intellij.rt.execution.junit.TestsRepeater.repeat(TestsRepeater.java:11)
	at com.intellij.rt.junit.IdeaTestRunner$Repeater.startRunnerWithArgs(IdeaTestRunner.java:35)
	at com.intellij.rt.junit.JUnitStarter.prepareStreamsAndStart(JUnitStarter.java:235)
	at com.intellij.rt.junit.JUnitStarter.main(JUnitStarter.java:54)
Caused by: org.springframework.beans.factory.BeanCreationException: Error creating bean with name 'dataSourceScriptDatabaseInitializer' defined in class path resource [org/springframework/boot/autoconfigure/sql/init/DataSourceInitializationConfiguration.class]: Invocation of init method failed; nested exception is org.springframework.jdbc.datasource.init.ScriptStatementFailedException: Failed to execute SQL script statement #1 of class path resource [sql/schema.sql]: CREATE TABLE COURSES ( id int(15) NOT NULL, name varchar(100) NOT NULL, category varchar(20) NOT NULL, rating int(1) NOT NULL, description varchar(1000) NOT NULL, PRIMARY KEY (id) ); nested exception is org.h2.jdbc.JdbcSQLSyntaxErrorException: Syntax error in SQL statement "CREATE TABLE COURSES ( id int[*](15) NOT NULL, name varchar(100) NOT NULL, category varchar(20) NOT NULL, rating int(1) NOT NULL, description varchar(1000) NOT NULL, PRIMARY KEY (id) )"; expected "ARRAY, INVISIBLE, VISIBLE, NOT NULL, NULL, AS, DEFAULT, GENERATED, ON UPDATE, NOT NULL, NULL, AUTO_INCREMENT, DEFAULT ON NULL, NULL_TO_DEFAULT, SEQUENCE, SELECTIVITY, COMMENT, CONSTRAINT, COMMENT, PRIMARY KEY, UNIQUE, NOT NULL, NULL, CHECK, REFERENCES, AUTO_INCREMENT, ,, )"; SQL statement:
CREATE TABLE COURSES ( id int(15) NOT NULL, name varchar(100) NOT NULL, category varchar(20) NOT NULL, rating int(1) NOT NULL, description varchar(1000) NOT NULL, PRIMARY KEY (id) ) [42001-214]
	at org.springframework.beans.factory.support.AbstractAutowireCapableBeanFactory.initializeBean(AbstractAutowireCapableBeanFactory.java:1804)
	at org.springframework.beans.factory.support.AbstractAutowireCapableBeanFactory.doCreateBean(AbstractAutowireCapableBeanFactory.java:620)
	at org.springframework.beans.factory.support.AbstractAutowireCapableBeanFactory.createBean(AbstractAutowireCapableBeanFactory.java:542)
	at org.springframework.beans.factory.support.AbstractBeanFactory.lambda$doGetBean$0(AbstractBeanFactory.java:335)
	at org.springframework.beans.factory.support.DefaultSingletonBeanRegistry.getSingleton(DefaultSingletonBeanRegistry.java:234)
	at org.springframework.beans.factory.support.AbstractBeanFactory.doGetBean(AbstractBeanFactory.java:333)
	at org.springframework.beans.factory.support.AbstractBeanFactory.getBean(AbstractBeanFactory.java:208)
	at org.springframework.beans.factory.support.AbstractBeanFactory.doGetBean(AbstractBeanFactory.java:322)
	at org.springframework.beans.factory.support.AbstractBeanFactory.getBean(AbstractBeanFactory.java:208)
	at org.springframework.context.support.AbstractApplicationContext.getBean(AbstractApplicationContext.java:1154)
	at org.springframework.context.support.AbstractApplicationContext.finishBeanFactoryInitialization(AbstractApplicationContext.java:908)
	at org.springframework.context.support.AbstractApplicationContext.refresh(AbstractApplicationContext.java:583)
	at org.springframework.boot.SpringApplication.refresh(SpringApplication.java:734)
	at org.springframework.boot.SpringApplication.refreshContext(SpringApplication.java:408)
	at org.springframework.boot.SpringApplication.run(SpringApplication.java:308)
	at org.springframework.boot.test.context.SpringBootContextLoader.loadContext(SpringBootContextLoader.java:132)
	at org.springframework.test.context.cache.DefaultCacheAwareContextLoaderDelegate.loadContextInternal(DefaultCacheAwareContextLoaderDelegate.java:141)
	at org.springframework.test.context.cache.DefaultCacheAwareContextLoaderDelegate.loadContext(DefaultCacheAwareContextLoaderDelegate.java:90)
	... 71 more
Caused by: org.springframework.jdbc.datasource.init.ScriptStatementFailedException: Failed to execute SQL script statement #1 of class path resource [sql/schema.sql]: CREATE TABLE COURSES ( id int(15) NOT NULL, name varchar(100) NOT NULL, category varchar(20) NOT NULL, rating int(1) NOT NULL, description varchar(1000) NOT NULL, PRIMARY KEY (id) ); nested exception is org.h2.jdbc.JdbcSQLSyntaxErrorException: Syntax error in SQL statement "CREATE TABLE COURSES ( id int[*](15) NOT NULL, name varchar(100) NOT NULL, category varchar(20) NOT NULL, rating int(1) NOT NULL, description varchar(1000) NOT NULL, PRIMARY KEY (id) )"; expected "ARRAY, INVISIBLE, VISIBLE, NOT NULL, NULL, AS, DEFAULT, GENERATED, ON UPDATE, NOT NULL, NULL, AUTO_INCREMENT, DEFAULT ON NULL, NULL_TO_DEFAULT, SEQUENCE, SELECTIVITY, COMMENT, CONSTRAINT, COMMENT, PRIMARY KEY, UNIQUE, NOT NULL, NULL, CHECK, REFERENCES, AUTO_INCREMENT, ,, )"; SQL statement:
CREATE TABLE COURSES ( id int(15) NOT NULL, name varchar(100) NOT NULL, category varchar(20) NOT NULL, rating int(1) NOT NULL, description varchar(1000) NOT NULL, PRIMARY KEY (id) ) [42001-214]
	at org.springframework.jdbc.datasource.init.ScriptUtils.executeSqlScript(ScriptUtils.java:282)
	at org.springframework.jdbc.datasource.init.ResourceDatabasePopulator.populate(ResourceDatabasePopulator.java:254)
	at org.springframework.jdbc.datasource.init.DatabasePopulatorUtils.execute(DatabasePopulatorUtils.java:54)
	at org.springframework.boot.jdbc.init.DataSourceScriptDatabaseInitializer.runScripts(DataSourceScriptDatabaseInitializer.java:90)
	at org.springframework.boot.sql.init.AbstractScriptDatabaseInitializer.runScripts(AbstractScriptDatabaseInitializer.java:145)
	at org.springframework.boot.sql.init.AbstractScriptDatabaseInitializer.applyScripts(AbstractScriptDatabaseInitializer.java:107)
	at org.springframework.boot.sql.init.AbstractScriptDatabaseInitializer.applySchemaScripts(AbstractScriptDatabaseInitializer.java:97)
	at org.springframework.boot.sql.init.AbstractScriptDatabaseInitializer.initializeDatabase(AbstractScriptDatabaseInitializer.java:75)
	at org.springframework.boot.sql.init.AbstractScriptDatabaseInitializer.afterPropertiesSet(AbstractScriptDatabaseInitializer.java:65)
	at org.springframework.beans.factory.support.AbstractAutowireCapableBeanFactory.invokeInitMethods(AbstractAutowireCapableBeanFactory.java:1863)
	at org.springframework.beans.factory.support.AbstractAutowireCapableBeanFactory.initializeBean(AbstractAutowireCapableBeanFactory.java:1800)
	... 88 more
Caused by: org.h2.jdbc.JdbcSQLSyntaxErrorException: Syntax error in SQL statement "CREATE TABLE COURSES ( id int[*](15) NOT NULL, name varchar(100) NOT NULL, category varchar(20) NOT NULL, rating int(1) NOT NULL, description varchar(1000) NOT NULL, PRIMARY KEY (id) )"; expected "ARRAY, INVISIBLE, VISIBLE, NOT NULL, NULL, AS, DEFAULT, GENERATED, ON UPDATE, NOT NULL, NULL, AUTO_INCREMENT, DEFAULT ON NULL, NULL_TO_DEFAULT, SEQUENCE, SELECTIVITY, COMMENT, CONSTRAINT, COMMENT, PRIMARY KEY, UNIQUE, NOT NULL, NULL, CHECK, REFERENCES, AUTO_INCREMENT, ,, )"; SQL statement:
CREATE TABLE COURSES ( id int(15) NOT NULL, name varchar(100) NOT NULL, category varchar(20) NOT NULL, rating int(1) NOT NULL, description varchar(1000) NOT NULL, PRIMARY KEY (id) ) [42001-214]
	at org.h2.message.DbException.getJdbcSQLException(DbException.java:502)
	at org.h2.message.DbException.getJdbcSQLException(DbException.java:477)
	at org.h2.message.DbException.getSyntaxError(DbException.java:261)
	at org.h2.command.Parser.getSyntaxError(Parser.java:900)
	at org.h2.command.Parser.read(Parser.java:5675)
	at org.h2.command.Parser.readIfMore(Parser.java:1268)
	at org.h2.command.Parser.parseCreateTable(Parser.java:9272)
	at org.h2.command.Parser.parseCreate(Parser.java:6784)
	at org.h2.command.Parser.parsePrepared(Parser.java:763)
	at org.h2.command.Parser.parse(Parser.java:689)
	at org.h2.command.Parser.parse(Parser.java:666)
	at org.h2.command.Parser.prepareCommand(Parser.java:569)
	at org.h2.engine.SessionLocal.prepareLocal(SessionLocal.java:631)
	at org.h2.engine.SessionLocal.prepareCommand(SessionLocal.java:554)
	at org.h2.jdbc.JdbcConnection.prepareCommand(JdbcConnection.java:1116)
	at org.h2.jdbc.JdbcStatement.executeInternal(JdbcStatement.java:237)
	at org.h2.jdbc.JdbcStatement.execute(JdbcStatement.java:223)
	at com.zaxxer.hikari.pool.ProxyStatement.execute(ProxyStatement.java:94)
	at com.zaxxer.hikari.pool.HikariProxyStatement.execute(HikariProxyStatement.java)
	at org.springframework.jdbc.datasource.init.ScriptUtils.executeSqlScript(ScriptUtils.java:261)
	... 98 more
2022-11-15 21:14:40.100 [ INFO] [           main] o.s.t.c.s.AbstractContextLoader          : Could not detect default resource locations for test class [com.manning.sbip.ch01.springbootappdemo.SpringBootAppDemoApplicationTests]: no resource found for suffixes {-context.xml, Context.groovy}.
2022-11-15 21:14:40.103 [ INFO] [           main] t.c.s.AnnotationConfigContextLoaderUtils : Could not detect default configuration classes for test class [com.manning.sbip.ch01.springbootappdemo.SpringBootAppDemoApplicationTests]: SpringBootAppDemoApplicationTests does not declare any static, non-private, non-final, nested classes annotated with @Configuration.
2022-11-15 21:14:40.535 [ INFO] [kground-preinit] o.h.v.i.u.Version                        : HV000001: Hibernate Validator 6.2.5.Final
2022-11-15 21:14:41.211 [ INFO] [           main] .s.d.r.c.RepositoryConfigurationDelegate : Bootstrapping Spring Data JPA repositories in DEFAULT mode.
2022-11-15 21:14:41.248 [ INFO] [           main] .s.d.r.c.RepositoryConfigurationDelegate : Finished Spring Data repository scanning in 29 ms. Found 1 JPA repository interfaces.
2022-11-15 21:14:41.661 [ INFO] [           main] o.h.j.i.u.LogHelper                      : HHH000204: Processing PersistenceUnitInfo [name: default]
2022-11-15 21:14:41.717 [ INFO] [           main] o.h.Version                              : HHH000412: Hibernate ORM core version 5.6.12.Final
2022-11-15 21:14:41.856 [ INFO] [           main] o.h.a.c.Version                          : HCANN000001: Hibernate Commons Annotations {5.1.2.Final}
2022-11-15 21:14:41.960 [ INFO] [           main] c.z.h.HikariDataSource                   : HikariPool-1 - Starting...
2022-11-15 21:14:42.147 [ INFO] [           main] c.z.h.HikariDataSource                   : HikariPool-1 - Start completed.
2022-11-15 21:14:42.179 [ INFO] [           main] o.h.d.Dialect                            : HHH000400: Using dialect: org.hibernate.dialect.H2Dialect
2022-11-15 21:14:42.693 [ INFO] [           main] o.h.e.t.j.p.i.JtaPlatformInitiator       : HHH000490: Using JtaPlatform implementation: [org.hibernate.engine.transaction.jta.platform.internal.NoJtaPlatform]
2022-11-15 21:14:42.701 [ INFO] [           main] j.LocalContainerEntityManagerFactoryBean : Initialized JPA EntityManagerFactory for persistence unit 'default'
2022-11-15 21:14:44.175 [ INFO] [ionShutdownHook] j.LocalContainerEntityManagerFactoryBean : Closing JPA EntityManagerFactory for persistence unit 'default'
2022-11-15 21:14:44.177 [ INFO] [ionShutdownHook] c.z.h.HikariDataSource                   : HikariPool-1 - Shutdown initiated...
2022-11-15 21:14:44.178 [ INFO] [ionShutdownHook] c.z.h.HikariDataSource                   : HikariPool-1 - Shutdown completed.
2022-11-15 21:17:44.349 [ INFO] [           main] o.s.t.c.s.AbstractContextLoader          : Could not detect default resource locations for test class [com.manning.sbip.ch01.springbootappdemo.SpringBootAppDemoApplicationTests]: no resource found for suffixes {-context.xml, Context.groovy}.
2022-11-15 21:17:44.350 [ INFO] [           main] t.c.s.AnnotationConfigContextLoaderUtils : Could not detect default configuration classes for test class [com.manning.sbip.ch01.springbootappdemo.SpringBootAppDemoApplicationTests]: SpringBootAppDemoApplicationTests does not declare any static, non-private, non-final, nested classes annotated with @Configuration.
2022-11-15 21:17:44.761 [ INFO] [kground-preinit] o.h.v.i.u.Version                        : HV000001: Hibernate Validator 6.2.5.Final
2022-11-15 21:17:45.450 [ INFO] [           main] .s.d.r.c.RepositoryConfigurationDelegate : Bootstrapping Spring Data JPA repositories in DEFAULT mode.
2022-11-15 21:17:45.486 [ INFO] [           main] .s.d.r.c.RepositoryConfigurationDelegate : Finished Spring Data repository scanning in 29 ms. Found 1 JPA repository interfaces.
2022-11-15 21:17:45.897 [ INFO] [           main] o.h.j.i.u.LogHelper                      : HHH000204: Processing PersistenceUnitInfo [name: default]
2022-11-15 21:17:45.945 [ INFO] [           main] o.h.Version                              : HHH000412: Hibernate ORM core version 5.6.12.Final
2022-11-15 21:17:46.082 [ INFO] [           main] o.h.a.c.Version                          : HCANN000001: Hibernate Commons Annotations {5.1.2.Final}
2022-11-15 21:17:46.181 [ INFO] [           main] c.z.h.HikariDataSource                   : HikariPool-1 - Starting...
2022-11-15 21:17:46.361 [ INFO] [           main] c.z.h.HikariDataSource                   : HikariPool-1 - Start completed.
2022-11-15 21:17:46.391 [ INFO] [           main] o.h.d.Dialect                            : HHH000400: Using dialect: org.hibernate.dialect.H2Dialect
2022-11-15 21:17:46.875 [ INFO] [           main] o.h.e.t.j.p.i.JtaPlatformInitiator       : HHH000490: Using JtaPlatform implementation: [org.hibernate.engine.transaction.jta.platform.internal.NoJtaPlatform]
2022-11-15 21:17:46.881 [ INFO] [           main] j.LocalContainerEntityManagerFactoryBean : Initialized JPA EntityManagerFactory for persistence unit 'default'
2022-11-15 21:17:48.380 [ INFO] [ionShutdownHook] j.LocalContainerEntityManagerFactoryBean : Closing JPA EntityManagerFactory for persistence unit 'default'
2022-11-15 21:17:48.382 [ INFO] [ionShutdownHook] c.z.h.HikariDataSource                   : HikariPool-1 - Shutdown initiated...
2022-11-15 21:17:48.383 [ INFO] [ionShutdownHook] c.z.h.HikariDataSource                   : HikariPool-1 - Shutdown completed.
2022-11-15 21:18:13.860 [ INFO] [           main] o.s.t.c.s.AbstractContextLoader          : Could not detect default resource locations for test class [com.manning.sbip.ch01.springbootappdemo.SpringBootAppDemoApplicationTests]: no resource found for suffixes {-context.xml, Context.groovy}.
2022-11-15 21:18:13.862 [ INFO] [           main] t.c.s.AnnotationConfigContextLoaderUtils : Could not detect default configuration classes for test class [com.manning.sbip.ch01.springbootappdemo.SpringBootAppDemoApplicationTests]: SpringBootAppDemoApplicationTests does not declare any static, non-private, non-final, nested classes annotated with @Configuration.
2022-11-15 21:18:14.266 [ INFO] [kground-preinit] o.h.v.i.u.Version                        : HV000001: Hibernate Validator 6.2.5.Final
2022-11-15 21:18:14.919 [ INFO] [           main] .s.d.r.c.RepositoryConfigurationDelegate : Bootstrapping Spring Data JPA repositories in DEFAULT mode.
2022-11-15 21:18:14.954 [ INFO] [           main] .s.d.r.c.RepositoryConfigurationDelegate : Finished Spring Data repository scanning in 28 ms. Found 1 JPA repository interfaces.
2022-11-15 21:18:15.383 [ INFO] [           main] o.h.j.i.u.LogHelper                      : HHH000204: Processing PersistenceUnitInfo [name: default]
2022-11-15 21:18:15.431 [ INFO] [           main] o.h.Version                              : HHH000412: Hibernate ORM core version 5.6.12.Final
2022-11-15 21:18:15.563 [ INFO] [           main] o.h.a.c.Version                          : HCANN000001: Hibernate Commons Annotations {5.1.2.Final}
2022-11-15 21:18:15.663 [ INFO] [           main] c.z.h.HikariDataSource                   : HikariPool-1 - Starting...
2022-11-15 21:18:15.853 [ INFO] [           main] c.z.h.HikariDataSource                   : HikariPool-1 - Start completed.
2022-11-15 21:18:15.882 [ INFO] [           main] o.h.d.Dialect                            : HHH000400: Using dialect: org.hibernate.dialect.H2Dialect
2022-11-15 21:18:16.354 [ INFO] [           main] o.h.e.t.j.p.i.JtaPlatformInitiator       : HHH000490: Using JtaPlatform implementation: [org.hibernate.engine.transaction.jta.platform.internal.NoJtaPlatform]
2022-11-15 21:18:16.361 [ INFO] [           main] j.LocalContainerEntityManagerFactoryBean : Initialized JPA EntityManagerFactory for persistence unit 'default'
2022-11-15 21:18:17.840 [ INFO] [ionShutdownHook] j.LocalContainerEntityManagerFactoryBean : Closing JPA EntityManagerFactory for persistence unit 'default'
2022-11-15 21:18:17.842 [ INFO] [ionShutdownHook] c.z.h.HikariDataSource                   : HikariPool-1 - Shutdown initiated...
2022-11-15 21:18:17.843 [ INFO] [ionShutdownHook] c.z.h.HikariDataSource                   : HikariPool-1 - Shutdown completed.
2022-11-15 21:18:53.109 [ INFO] [           main] o.s.t.c.s.AbstractContextLoader          : Could not detect default resource locations for test class [com.manning.sbip.ch01.springbootappdemo.SpringBootAppDemoApplicationTests]: no resource found for suffixes {-context.xml, Context.groovy}.
2022-11-15 21:18:53.110 [ INFO] [           main] t.c.s.AnnotationConfigContextLoaderUtils : Could not detect default configuration classes for test class [com.manning.sbip.ch01.springbootappdemo.SpringBootAppDemoApplicationTests]: SpringBootAppDemoApplicationTests does not declare any static, non-private, non-final, nested classes annotated with @Configuration.
2022-11-15 21:18:53.496 [ INFO] [kground-preinit] o.h.v.i.u.Version                        : HV000001: Hibernate Validator 6.2.5.Final
2022-11-15 21:18:54.097 [ INFO] [           main] .s.d.r.c.RepositoryConfigurationDelegate : Bootstrapping Spring Data JPA repositories in DEFAULT mode.
2022-11-15 21:18:54.130 [ INFO] [           main] .s.d.r.c.RepositoryConfigurationDelegate : Finished Spring Data repository scanning in 26 ms. Found 1 JPA repository interfaces.
2022-11-15 21:18:54.522 [ INFO] [           main] o.h.j.i.u.LogHelper                      : HHH000204: Processing PersistenceUnitInfo [name: default]
2022-11-15 21:18:54.568 [ INFO] [           main] o.h.Version                              : HHH000412: Hibernate ORM core version 5.6.12.Final
2022-11-15 21:18:54.706 [ INFO] [           main] o.h.a.c.Version                          : HCANN000001: Hibernate Commons Annotations {5.1.2.Final}
2022-11-15 21:18:54.807 [ INFO] [           main] c.z.h.HikariDataSource                   : HikariPool-1 - Starting...
2022-11-15 21:18:54.993 [ INFO] [           main] c.z.h.HikariDataSource                   : HikariPool-1 - Start completed.
2022-11-15 21:18:55.023 [ INFO] [           main] o.h.d.Dialect                            : HHH000400: Using dialect: org.hibernate.dialect.H2Dialect
2022-11-15 21:18:55.500 [ INFO] [           main] o.h.e.t.j.p.i.JtaPlatformInitiator       : HHH000490: Using JtaPlatform implementation: [org.hibernate.engine.transaction.jta.platform.internal.NoJtaPlatform]
2022-11-15 21:18:55.507 [ INFO] [           main] j.LocalContainerEntityManagerFactoryBean : Initialized JPA EntityManagerFactory for persistence unit 'default'
2022-11-15 21:18:56.976 [ INFO] [ionShutdownHook] j.LocalContainerEntityManagerFactoryBean : Closing JPA EntityManagerFactory for persistence unit 'default'
2022-11-15 21:18:56.978 [ INFO] [ionShutdownHook] c.z.h.HikariDataSource                   : HikariPool-1 - Shutdown initiated...
2022-11-15 21:18:56.979 [ INFO] [ionShutdownHook] c.z.h.HikariDataSource                   : HikariPool-1 - Shutdown completed.
2022-11-15 21:19:27.404 [ INFO] [           main] o.s.t.c.s.AbstractContextLoader          : Could not detect default resource locations for test class [com.manning.sbip.ch01.springbootappdemo.SpringBootAppDemoApplicationTests]: no resource found for suffixes {-context.xml, Context.groovy}.
2022-11-15 21:19:27.405 [ INFO] [           main] t.c.s.AnnotationConfigContextLoaderUtils : Could not detect default configuration classes for test class [com.manning.sbip.ch01.springbootappdemo.SpringBootAppDemoApplicationTests]: SpringBootAppDemoApplicationTests does not declare any static, non-private, non-final, nested classes annotated with @Configuration.
2022-11-15 21:19:27.799 [ INFO] [kground-preinit] o.h.v.i.u.Version                        : HV000001: Hibernate Validator 6.2.5.Final
2022-11-15 21:19:28.438 [ INFO] [           main] .s.d.r.c.RepositoryConfigurationDelegate : Bootstrapping Spring Data JPA repositories in DEFAULT mode.
2022-11-15 21:19:28.470 [ INFO] [           main] .s.d.r.c.RepositoryConfigurationDelegate : Finished Spring Data repository scanning in 26 ms. Found 1 JPA repository interfaces.
2022-11-15 21:19:28.873 [ INFO] [           main] o.h.j.i.u.LogHelper                      : HHH000204: Processing PersistenceUnitInfo [name: default]
2022-11-15 21:19:28.920 [ INFO] [           main] o.h.Version                              : HHH000412: Hibernate ORM core version 5.6.12.Final
2022-11-15 21:19:29.057 [ INFO] [           main] o.h.a.c.Version                          : HCANN000001: Hibernate Commons Annotations {5.1.2.Final}
2022-11-15 21:19:29.156 [ INFO] [           main] c.z.h.HikariDataSource                   : HikariPool-1 - Starting...
2022-11-15 21:19:29.347 [ INFO] [           main] c.z.h.HikariDataSource                   : HikariPool-1 - Start completed.
2022-11-15 21:19:29.378 [ INFO] [           main] o.h.d.Dialect                            : HHH000400: Using dialect: org.hibernate.dialect.H2Dialect
2022-11-15 21:19:29.853 [ INFO] [           main] o.h.e.t.j.p.i.JtaPlatformInitiator       : HHH000490: Using JtaPlatform implementation: [org.hibernate.engine.transaction.jta.platform.internal.NoJtaPlatform]
2022-11-15 21:19:29.860 [ INFO] [           main] j.LocalContainerEntityManagerFactoryBean : Initialized JPA EntityManagerFactory for persistence unit 'default'
2022-11-15 21:19:31.323 [ INFO] [ionShutdownHook] j.LocalContainerEntityManagerFactoryBean : Closing JPA EntityManagerFactory for persistence unit 'default'
2022-11-15 21:19:31.325 [ INFO] [ionShutdownHook] c.z.h.HikariDataSource                   : HikariPool-1 - Shutdown initiated...
2022-11-15 21:19:31.326 [ INFO] [ionShutdownHook] c.z.h.HikariDataSource                   : HikariPool-1 - Shutdown completed.
2022-11-15 21:38:38.496 [ INFO] [           main] o.s.t.c.s.AbstractContextLoader          : Could not detect default resource locations for test class [com.manning.sbip.ch01.springbootappdemo.SpringBootAppDemoApplicationTests]: no resource found for suffixes {-context.xml, Context.groovy}.
2022-11-15 21:38:38.501 [ INFO] [           main] t.c.s.AnnotationConfigContextLoaderUtils : Could not detect default configuration classes for test class [com.manning.sbip.ch01.springbootappdemo.SpringBootAppDemoApplicationTests]: SpringBootAppDemoApplicationTests does not declare any static, non-private, non-final, nested classes annotated with @Configuration.
2022-11-15 21:38:38.918 [ INFO] [kground-preinit] o.h.v.i.u.Version                        : HV000001: Hibernate Validator 6.2.5.Final
2022-11-15 21:38:39.606 [ INFO] [           main] .s.d.r.c.RepositoryConfigurationDelegate : Bootstrapping Spring Data JPA repositories in DEFAULT mode.
2022-11-15 21:38:39.642 [ INFO] [           main] .s.d.r.c.RepositoryConfigurationDelegate : Finished Spring Data repository scanning in 30 ms. Found 1 JPA repository interfaces.
2022-11-15 21:38:40.065 [ INFO] [           main] o.h.j.i.u.LogHelper                      : HHH000204: Processing PersistenceUnitInfo [name: default]
2022-11-15 21:38:40.113 [ INFO] [           main] o.h.Version                              : HHH000412: Hibernate ORM core version 5.6.12.Final
2022-11-15 21:38:40.248 [ INFO] [           main] o.h.a.c.Version                          : HCANN000001: Hibernate Commons Annotations {5.1.2.Final}
2022-11-15 21:38:40.344 [ INFO] [           main] c.z.h.HikariDataSource                   : HikariPool-1 - Starting...
2022-11-15 21:38:40.535 [ INFO] [           main] c.z.h.HikariDataSource                   : HikariPool-1 - Start completed.
2022-11-15 21:38:40.567 [ INFO] [           main] o.h.d.Dialect                            : HHH000400: Using dialect: org.hibernate.dialect.H2Dialect
2022-11-15 21:38:41.041 [ INFO] [           main] o.h.e.t.j.p.i.JtaPlatformInitiator       : HHH000490: Using JtaPlatform implementation: [org.hibernate.engine.transaction.jta.platform.internal.NoJtaPlatform]
2022-11-15 21:38:41.047 [ INFO] [           main] j.LocalContainerEntityManagerFactoryBean : Initialized JPA EntityManagerFactory for persistence unit 'default'
2022-11-15 21:38:42.535 [ INFO] [ionShutdownHook] j.LocalContainerEntityManagerFactoryBean : Closing JPA EntityManagerFactory for persistence unit 'default'
2022-11-15 21:38:42.537 [ INFO] [ionShutdownHook] c.z.h.HikariDataSource                   : HikariPool-1 - Shutdown initiated...
2022-11-15 21:38:42.539 [ INFO] [ionShutdownHook] c.z.h.HikariDataSource                   : HikariPool-1 - Shutdown completed.
2022-11-15 21:39:51.851 [ INFO] [           main] o.s.t.c.s.AbstractContextLoader          : Could not detect default resource locations for test class [com.manning.sbip.ch01.springbootappdemo.SpringBootAppDemoApplicationTests]: no resource found for suffixes {-context.xml, Context.groovy}.
2022-11-15 21:39:51.853 [ INFO] [           main] t.c.s.AnnotationConfigContextLoaderUtils : Could not detect default configuration classes for test class [com.manning.sbip.ch01.springbootappdemo.SpringBootAppDemoApplicationTests]: SpringBootAppDemoApplicationTests does not declare any static, non-private, non-final, nested classes annotated with @Configuration.
2022-11-15 21:39:51.896 [ INFO] [           main] o.s.t.c.s.AbstractContextLoader          : Could not detect default resource locations for test class [com.manning.sbip.ch01.springbootappdemo.SpringBootAppDemoApplicationTests]: no resource found for suffixes {-context.xml, Context.groovy}.
2022-11-15 21:39:51.897 [ INFO] [           main] t.c.s.AnnotationConfigContextLoaderUtils : Could not detect default configuration classes for test class [com.manning.sbip.ch01.springbootappdemo.SpringBootAppDemoApplicationTests]: SpringBootAppDemoApplicationTests does not declare any static, non-private, non-final, nested classes annotated with @Configuration.
2022-11-15 21:39:51.901 [ INFO] [           main] o.s.t.c.s.AbstractContextLoader          : Could not detect default resource locations for test class [com.manning.sbip.ch01.springbootappdemo.SpringBootAppDemoApplicationTests]: no resource found for suffixes {-context.xml, Context.groovy}.
2022-11-15 21:39:51.902 [ INFO] [           main] t.c.s.AnnotationConfigContextLoaderUtils : Could not detect default configuration classes for test class [com.manning.sbip.ch01.springbootappdemo.SpringBootAppDemoApplicationTests]: SpringBootAppDemoApplicationTests does not declare any static, non-private, non-final, nested classes annotated with @Configuration.
2022-11-15 21:40:20.836 [ INFO] [           main] o.s.t.c.s.AbstractContextLoader          : Could not detect default resource locations for test class [com.manning.sbip.ch01.springbootappdemo.SpringBootAppDemoApplicationTests]: no resource found for suffixes {-context.xml, Context.groovy}.
2022-11-15 21:40:20.840 [ INFO] [           main] t.c.s.AnnotationConfigContextLoaderUtils : Could not detect default configuration classes for test class [com.manning.sbip.ch01.springbootappdemo.SpringBootAppDemoApplicationTests]: SpringBootAppDemoApplicationTests does not declare any static, non-private, non-final, nested classes annotated with @Configuration.
2022-11-15 21:40:21.237 [ INFO] [kground-preinit] o.h.v.i.u.Version                        : HV000001: Hibernate Validator 6.2.5.Final
2022-11-15 21:40:21.547 [ INFO] [           main] .s.d.r.c.RepositoryConfigurationDelegate : Bootstrapping Spring Data JPA repositories in DEFAULT mode.
2022-11-15 21:40:21.585 [ INFO] [           main] .s.d.r.c.RepositoryConfigurationDelegate : Finished Spring Data repository scanning in 32 ms. Found 1 JPA repository interfaces.
2022-11-15 21:40:21.788 [ INFO] [           main] o.s.j.d.e.EmbeddedDatabaseFactory        : Starting embedded database: url='jdbc:h2:mem:45268039-04c5-46ad-b007-5a3f8d118103;DB_CLOSE_DELAY=-1;DB_CLOSE_ON_EXIT=false', username='sa'
2022-11-15 21:40:22.049 [ INFO] [           main] o.h.j.i.u.LogHelper                      : HHH000204: Processing PersistenceUnitInfo [name: default]
2022-11-15 21:40:22.096 [ INFO] [           main] o.h.Version                              : HHH000412: Hibernate ORM core version 5.6.12.Final
2022-11-15 21:40:22.237 [ INFO] [           main] o.h.a.c.Version                          : HCANN000001: Hibernate Commons Annotations {5.1.2.Final}
2022-11-15 21:40:22.354 [ INFO] [           main] o.h.d.Dialect                            : HHH000400: Using dialect: org.hibernate.dialect.H2Dialect
2022-11-15 21:40:22.848 [ INFO] [           main] o.h.e.t.j.p.i.JtaPlatformInitiator       : HHH000490: Using JtaPlatform implementation: [org.hibernate.engine.transaction.jta.platform.internal.NoJtaPlatform]
2022-11-15 21:40:22.855 [ INFO] [           main] j.LocalContainerEntityManagerFactoryBean : Initialized JPA EntityManagerFactory for persistence unit 'default'
2022-11-15 21:40:23.203 [ INFO] [           main] o.s.t.c.t.TransactionContext             : Began transaction (1) for test context [DefaultTestContext@3151277f testClass = SpringBootAppDemoApplicationTests, testInstance = com.manning.sbip.ch01.springbootappdemo.SpringBootAppDemoApplicationTests@2aeb7c4c, testMethod = GivenCreateCourseWhenLoadTheCourseThenExpectSameCourse@SpringBootAppDemoApplicationTests, testException = [null], mergedContextConfiguration = [MergedContextConfiguration@67f266bd testClass = SpringBootAppDemoApplicationTests, locations = '{}', classes = '{class com.manning.sbip.ch01.springbootappdemo.SpringBootAppDemoApplication}', contextInitializerClasses = '[]', activeProfiles = '{}', propertySourceLocations = '{}', propertySourceProperties = '{org.springframework.boot.test.autoconfigure.orm.jpa.DataJpaTestContextBootstrapper=true}', contextCustomizers = set[[ImportsContextCustomizer@31c0c7e5 key = [org.springframework.boot.autoconfigure.cache.CacheAutoConfiguration, org.springframework.boot.autoconfigure.data.jpa.JpaRepositoriesAutoConfiguration, org.springframework.boot.autoconfigure.flyway.FlywayAutoConfiguration, org.springframework.boot.autoconfigure.jdbc.DataSourceAutoConfiguration, org.springframework.boot.autoconfigure.jdbc.DataSourceTransactionManagerAutoConfiguration, org.springframework.boot.autoconfigure.jdbc.JdbcTemplateAutoConfiguration, org.springframework.boot.autoconfigure.liquibase.LiquibaseAutoConfiguration, org.springframework.boot.autoconfigure.orm.jpa.HibernateJpaAutoConfiguration, org.springframework.boot.autoconfigure.sql.init.SqlInitializationAutoConfiguration, org.springframework.boot.autoconfigure.transaction.TransactionAutoConfiguration, org.springframework.boot.test.autoconfigure.jdbc.TestDatabaseAutoConfiguration, org.springframework.boot.test.autoconfigure.orm.jpa.TestEntityManagerAutoConfiguration]], org.springframework.boot.test.context.filter.ExcludeFilterContextCustomizer@590c73d3, org.springframework.boot.test.json.DuplicateJsonObjectContextCustomizerFactory$DuplicateJsonObjectContextCustomizer@75ed9710, org.springframework.boot.test.mock.mockito.MockitoContextCustomizer@0, org.springframework.boot.test.autoconfigure.OverrideAutoConfigurationContextCustomizerFactory$DisableAutoConfigurationContextCustomizer@13c3c1e1, org.springframework.boot.test.autoconfigure.actuate.metrics.MetricsExportContextCustomizerFactory$DisableMetricExportContextCustomizer@285c08c8, org.springframework.boot.test.autoconfigure.filter.TypeExcludeFiltersContextCustomizer@351584c0, org.springframework.boot.test.autoconfigure.properties.PropertyMappingContextCustomizer@13491743, org.springframework.boot.test.autoconfigure.web.servlet.WebDriverContextCustomizerFactory$Customizer@5ce33a58, org.springframework.boot.test.context.SpringBootTestArgs@1, org.springframework.boot.test.context.SpringBootTestWebEnvironment@0], contextLoader = 'org.springframework.boot.test.context.SpringBootContextLoader', parent = [null]], attributes = map['org.springframework.test.context.event.ApplicationEventsTestExecutionListener.recordApplicationEvents' -> false]]; transaction manager [org.springframework.orm.jpa.JpaTransactionManager@b849fa6]; rollback [true]
2022-11-15 21:40:23.522 [ INFO] [           main] o.s.t.c.t.TransactionContext             : Rolled back transaction for test: [DefaultTestContext@3151277f testClass = SpringBootAppDemoApplicationTests, testInstance = com.manning.sbip.ch01.springbootappdemo.SpringBootAppDemoApplicationTests@2aeb7c4c, testMethod = GivenCreateCourseWhenLoadTheCourseThenExpectSameCourse@SpringBootAppDemoApplicationTests, testException = [null], mergedContextConfiguration = [MergedContextConfiguration@67f266bd testClass = SpringBootAppDemoApplicationTests, locations = '{}', classes = '{class com.manning.sbip.ch01.springbootappdemo.SpringBootAppDemoApplication}', contextInitializerClasses = '[]', activeProfiles = '{}', propertySourceLocations = '{}', propertySourceProperties = '{org.springframework.boot.test.autoconfigure.orm.jpa.DataJpaTestContextBootstrapper=true}', contextCustomizers = set[[ImportsContextCustomizer@31c0c7e5 key = [org.springframework.boot.autoconfigure.cache.CacheAutoConfiguration, org.springframework.boot.autoconfigure.data.jpa.JpaRepositoriesAutoConfiguration, org.springframework.boot.autoconfigure.flyway.FlywayAutoConfiguration, org.springframework.boot.autoconfigure.jdbc.DataSourceAutoConfiguration, org.springframework.boot.autoconfigure.jdbc.DataSourceTransactionManagerAutoConfiguration, org.springframework.boot.autoconfigure.jdbc.JdbcTemplateAutoConfiguration, org.springframework.boot.autoconfigure.liquibase.LiquibaseAutoConfiguration, org.springframework.boot.autoconfigure.orm.jpa.HibernateJpaAutoConfiguration, org.springframework.boot.autoconfigure.sql.init.SqlInitializationAutoConfiguration, org.springframework.boot.autoconfigure.transaction.TransactionAutoConfiguration, org.springframework.boot.test.autoconfigure.jdbc.TestDatabaseAutoConfiguration, org.springframework.boot.test.autoconfigure.orm.jpa.TestEntityManagerAutoConfiguration]], org.springframework.boot.test.context.filter.ExcludeFilterContextCustomizer@590c73d3, org.springframework.boot.test.json.DuplicateJsonObjectContextCustomizerFactory$DuplicateJsonObjectContextCustomizer@75ed9710, org.springframework.boot.test.mock.mockito.MockitoContextCustomizer@0, org.springframework.boot.test.autoconfigure.OverrideAutoConfigurationContextCustomizerFactory$DisableAutoConfigurationContextCustomizer@13c3c1e1, org.springframework.boot.test.autoconfigure.actuate.metrics.MetricsExportContextCustomizerFactory$DisableMetricExportContextCustomizer@285c08c8, org.springframework.boot.test.autoconfigure.filter.TypeExcludeFiltersContextCustomizer@351584c0, org.springframework.boot.test.autoconfigure.properties.PropertyMappingContextCustomizer@13491743, org.springframework.boot.test.autoconfigure.web.servlet.WebDriverContextCustomizerFactory$Customizer@5ce33a58, org.springframework.boot.test.context.SpringBootTestArgs@1, org.springframework.boot.test.context.SpringBootTestWebEnvironment@0], contextLoader = 'org.springframework.boot.test.context.SpringBootContextLoader', parent = [null]], attributes = map['org.springframework.test.context.event.ApplicationEventsTestExecutionListener.recordApplicationEvents' -> false]]
2022-11-15 21:40:23.529 [ INFO] [ionShutdownHook] j.LocalContainerEntityManagerFactoryBean : Closing JPA EntityManagerFactory for persistence unit 'default'
